<?xml version="1.0" encoding="UTF-8"?>
<!-- Generated by org.testng.reporters.JUnitXMLReporter -->
<testsuite ignored="1" hostname="LW-WIN-7539" failures="0" tests="16" name="Test" time="7.109" errors="0" timestamp="2023-07-16T04:13:15 IST">
  <testcase classname="TestNG.hitNetflix" name="netflix" time="4.959"/>
  <testcase classname="TestNG.hitPrimeVideo" name="netflix" time="1.946"/>
  <testcase classname="TestNG.test1" name="TestA" time="0.007"/>
  <testcase classname="TestNG.test1" name="TestB" time="0.003"/>
  <testcase classname="TestNG.test2" name="TestC" time="0.002"/>
  <testcase classname="TestNG.test2" name="TestD" time="0.001"/>
  <testcase classname="TestNG.test2" name="TestD" time="0.001"/>
  <testcase classname="TestNG.test2" name="TestD" time="0.001"/>
  <testcase classname="TestNG.test3" name="APIHomeLoan" time="0.001"/>
  <testcase classname="TestNG.test3" name="WebHomeLoan" time="0.002"/>
  <testcase classname="TestNG.test4" name="APICarLoan" time="0.001"/>
  <testcase classname="TestNG.test4" name="MobileCarLoan" time="0.001"/>
  <testcase classname="TestNG.test4" name="WebCarLoan" time="0.043"/>
  <testcase classname="TestNG.test5" name="TestD" time="0.004"/>
  <testcase classname="TestNG.test5" name="TestD" time="0.002"/>
  <testcase classname="TestNG.test5" name="TestD" time="0.001"/>
  <testcase classname="TestNG.test3" name="MobileHomeLoan" time="0.0">
    <ignored/>
  </testcase> <!-- MobileHomeLoan -->
</testsuite> <!-- Test -->
