<?xml version="1.0" encoding="UTF-8"?>
<!-- Generated by org.testng.reporters.JUnitXMLReporter -->
<testsuite ignored="7" hostname="LW-WIN-7539" failures="0" tests="3" name="Groups" time="0.058" errors="0" timestamp="2023-07-16T03:44:35 IST">
  <testcase classname="TestNG.test1" name="TestB" time="0.007"/>
  <testcase classname="TestNG.test3" name="APIHomeLoan" time="0.001"/>
  <testcase classname="TestNG.test4" name="MobileCarLoan" time="0.0"/>
  <testcase classname="TestNG.test2" name="TestD" time="0.0">
    <ignored/>
  </testcase> <!-- TestD -->
  <testcase classname="TestNG.test3" name="WebHomeLoan" time="0.0">
    <ignored/>
  </testcase> <!-- WebHomeLoan -->
  <testcase classname="TestNG.test3" name="MobileHomeLoan" time="0.0">
    <ignored/>
  </testcase> <!-- MobileHomeLoan -->
  <testcase classname="TestNG.test2" name="TestC" time="0.0">
    <ignored/>
  </testcase> <!-- TestC -->
  <testcase classname="TestNG.test1" name="TestA" time="0.0">
    <ignored/>
  </testcase> <!-- TestA -->
  <testcase classname="TestNG.test4" name="WebCarLoan" time="0.0">
    <ignored/>
  </testcase> <!-- WebCarLoan -->
  <testcase classname="TestNG.test4" name="APICarLoan" time="0.0">
    <ignored/>
  </testcase> <!-- APICarLoan -->
</testsuite> <!-- Groups -->
