<?xml version="1.0" encoding="UTF-8"?>
<!-- Generated by org.testng.reporters.JUnitXMLReporter -->
<testsuite ignored="1" hostname="LW-WIN-7539" failures="0" tests="5" name="Batch2" time="0.025" errors="0" timestamp="2023-07-16T03:38:11 IST">
  <testcase classname="TestNG.test3" name="APIHomeLoan" time="0.001"/>
  <testcase classname="TestNG.test3" name="WebHomeLoan" time="0.001"/>
  <testcase classname="TestNG.test4" name="APICarLoan" time="0.001"/>
  <testcase classname="TestNG.test4" name="MobileCarLoan" time="0.002"/>
  <testcase classname="TestNG.test4" name="WebCarLoan" time="0.006"/>
  <testcase classname="TestNG.test3" name="MobileHomeLoan" time="0.0">
    <ignored/>
  </testcase> <!-- MobileHomeLoan -->
</testsuite> <!-- Batch2 -->
