<?xml version="1.0" encoding="UTF-8"?>
<!-- Generated by org.testng.reporters.JUnitXMLReporter -->
<testsuite ignored="3" hostname="LW-WIN-7539" failures="0" tests="6" name="Test" time="0.064" errors="0" timestamp="2023-07-14T18:01:54 IST">
  <testcase classname="TestNG.test1" name="TestA" time="0.005"/>
  <testcase classname="TestNG.test2" name="TestC" time="0.004"/>
  <testcase classname="TestNG.test3" name="APIHomeLoan" time="0.001"/>
  <testcase classname="TestNG.test4" name="APICarLoan" time="0.003"/>
  <testcase classname="TestNG.test4" name="MobileCarLoan" time="0.001"/>
  <testcase classname="TestNG.test4" name="WebCarLoan" time="0.0"/>
  <testcase classname="TestNG.test3" name="WebHomeLoan" time="0.0">
    <ignored/>
  </testcase> <!-- WebHomeLoan -->
  <testcase classname="TestNG.test1" name="TestB" time="0.0">
    <ignored/>
  </testcase> <!-- TestB -->
  <testcase classname="TestNG.test3" name="MobileHomeLoan" time="0.0">
    <ignored/>
  </testcase> <!-- MobileHomeLoan -->
</testsuite> <!-- Test -->
