<?xml version="1.0" encoding="UTF-8"?>
<!-- Generated by org.testng.reporters.JUnitXMLReporter -->
<testsuite ignored="1" hostname="LW-WIN-7539" failures="0" tests="5" name="Batch2" time="0.022" errors="0" timestamp="2023-07-14T18:51:43 IST">
  <testcase classname="TestNG.test3" name="APIHomeLoan" time="0.001"/>
  <testcase classname="TestNG.test3" name="WebHomeLoan" time="0.001"/>
  <testcase classname="TestNG.test4" name="APICarLoan" time="0.001"/>
  <testcase classname="TestNG.test4" name="MobileCarLoan" time="0.001"/>
  <testcase classname="TestNG.test4" name="WebCarLoan" time="0.005"/>
  <testcase classname="TestNG.test3" name="MobileHomeLoan" time="0.0">
    <ignored/>
  </testcase> <!-- MobileHomeLoan -->
</testsuite> <!-- Batch2 -->
