<?xml version="1.0" encoding="UTF-8"?>
<!-- Generated by org.testng.reporters.JUnitXMLReporter -->
<testsuite ignored="0" hostname="LW-WIN-7539" failures="0" tests="6" name="Batch1" time="0.079" errors="0" timestamp="2023-07-16T03:51:49 IST">
  <testcase classname="TestNG.test1" name="TestA" time="0.005"/>
  <testcase classname="TestNG.test1" name="TestB" time="0.001"/>
  <testcase classname="TestNG.test2" name="TestC" time="0.001"/>
  <testcase classname="TestNG.test2" name="TestD" time="0.002"/>
  <testcase classname="TestNG.test2" name="TestD" time="0.002"/>
  <testcase classname="TestNG.test2" name="TestD" time="0.001"/>
</testsuite> <!-- Batch1 -->
