<?xml version="1.0" encoding="UTF-8"?>
<testng-results ignored="0" total="6" passed="6" failed="0" skipped="0">
  <reporter-output>
  </reporter-output>
  <suite started-at="2023-09-14T19:29:35 IST" name="Default suite" finished-at="2023-09-14T19:29:36 IST" duration-ms="421">
    <groups>
    </groups>
    <test started-at="2023-09-14T19:29:35 IST" name="Default test" finished-at="2023-09-14T19:29:36 IST" duration-ms="421">
      <class name="ReadingCompleteExcelFile">
        <test-method signature="dataSet(java.lang.String,java.lang.String,java.lang.String)[pri:0, instance:ReadingCompleteExcelFile@673fdbce]" started-at="2023-09-14T19:29:36 IST" name="dataSet" data-provider="driveTest" finished-at="2023-09-14T19:29:36 IST" duration-ms="4" status="PASS">
          <params>
            <param index="0">
              <value>
                <![CDATA[Lewis]]>
              </value>
            </param>
            <param index="1">
              <value>
                <![CDATA[Hamilton]]>
              </value>
            </param>
            <param index="2">
              <value>
                <![CDATA[Mercedes]]>
              </value>
            </param>
          </params>
          <reporter-output>
          </reporter-output>
        </test-method> <!-- dataSet -->
        <test-method signature="dataSet(java.lang.String,java.lang.String,java.lang.String)[pri:0, instance:ReadingCompleteExcelFile@673fdbce]" started-at="2023-09-14T19:29:36 IST" name="dataSet" data-provider="driveTest" finished-at="2023-09-14T19:29:36 IST" duration-ms="1" status="PASS">
          <params>
            <param index="0">
              <value>
                <![CDATA[Charles]]>
              </value>
            </param>
            <param index="1">
              <value>
                <![CDATA[Leclerc]]>
              </value>
            </param>
            <param index="2">
              <value>
                <![CDATA[Ferrari]]>
              </value>
            </param>
          </params>
          <reporter-output>
          </reporter-output>
        </test-method> <!-- dataSet -->
        <test-method signature="dataSet(java.lang.String,java.lang.String,java.lang.String)[pri:0, instance:ReadingCompleteExcelFile@673fdbce]" started-at="2023-09-14T19:29:36 IST" name="dataSet" data-provider="driveTest" finished-at="2023-09-14T19:29:36 IST" duration-ms="1" status="PASS">
          <params>
            <param index="0">
              <value>
                <![CDATA[Max]]>
              </value>
            </param>
            <param index="1">
              <value>
                <![CDATA[Verstappen]]>
              </value>
            </param>
            <param index="2">
              <value>
                <![CDATA[Red Bull]]>
              </value>
            </param>
          </params>
          <reporter-output>
          </reporter-output>
        </test-method> <!-- dataSet -->
        <test-method signature="dataSet(java.lang.String,java.lang.String,java.lang.String)[pri:0, instance:ReadingCompleteExcelFile@673fdbce]" started-at="2023-09-14T19:29:36 IST" name="dataSet" data-provider="driveTest" finished-at="2023-09-14T19:29:36 IST" duration-ms="1" status="PASS">
          <params>
            <param index="0">
              <value>
                <![CDATA[Carlos]]>
              </value>
            </param>
            <param index="1">
              <value>
                <![CDATA[Sainz]]>
              </value>
            </param>
            <param index="2">
              <value>
                <![CDATA[Ferrari]]>
              </value>
            </param>
          </params>
          <reporter-output>
          </reporter-output>
        </test-method> <!-- dataSet -->
        <test-method signature="dataSet(java.lang.String,java.lang.String,java.lang.String)[pri:0, instance:ReadingCompleteExcelFile@673fdbce]" started-at="2023-09-14T19:29:36 IST" name="dataSet" data-provider="driveTest" finished-at="2023-09-14T19:29:36 IST" duration-ms="1" status="PASS">
          <params>
            <param index="0">
              <value>
                <![CDATA[George]]>
              </value>
            </param>
            <param index="1">
              <value>
                <![CDATA[Russell]]>
              </value>
            </param>
            <param index="2">
              <value>
                <![CDATA[Mercedes]]>
              </value>
            </param>
          </params>
          <reporter-output>
          </reporter-output>
        </test-method> <!-- dataSet -->
        <test-method signature="dataSet(java.lang.String,java.lang.String,java.lang.String)[pri:0, instance:ReadingCompleteExcelFile@673fdbce]" started-at="2023-09-14T19:29:36 IST" name="dataSet" data-provider="driveTest" finished-at="2023-09-14T19:29:36 IST" duration-ms="1" status="PASS">
          <params>
            <param index="0">
              <value>
                <![CDATA[Lando]]>
              </value>
            </param>
            <param index="1">
              <value>
                <![CDATA[Norris]]>
              </value>
            </param>
            <param index="2">
              <value>
                <![CDATA[McLaren]]>
              </value>
            </param>
          </params>
          <reporter-output>
          </reporter-output>
        </test-method> <!-- dataSet -->
      </class> <!-- ReadingCompleteExcelFile -->
    </test> <!-- Default test -->
  </suite> <!-- Default suite -->
</testng-results>
