<?xml version="1.0" encoding="UTF-8"?>
<!-- Generated by org.testng.reporters.JUnitXMLReporter -->
<testsuite ignored="1" hostname="LW-WIN-7539" failures="0" tests="5" name="Car Loan" time="0.057" errors="0" timestamp="2023-07-13T18:13:50 IST">
  <testcase classname="TestNG.test1" name="APICarLoan" time="0.007"/>
  <testcase classname="TestNG.test1" name="MobileCarLoan" time="0.002"/>
  <testcase classname="TestNG.test1" name="webCarLoan" time="0.001"/>
  <testcase classname="TestNG.test2" name="MobileHomeLoan" time="0.001"/>
  <testcase classname="TestNG.test2" name="WebHomeLoan" time="0.001"/>
  <testcase classname="TestNG.test2" name="APIHomeLoan" time="0.0">
    <ignored/>
  </testcase> <!-- APIHomeLoan -->
</testsuite> <!-- Car Loan -->
