<?xml version="1.0" encoding="UTF-8"?>
<!-- Generated by org.testng.reporters.JUnitXMLReporter -->
<testsuite ignored="1" hostname="LW-WIN-7539" failures="0" tests="2" name="Home Loan" time="0.01" errors="0" timestamp="2023-07-16T04:10:51 IST">
  <testcase classname="TestNG.test3" name="APIHomeLoan" time="0.002"/>
  <testcase classname="TestNG.test3" name="WebHomeLoan" time="0.001"/>
  <testcase classname="TestNG.test3" name="MobileHomeLoan" time="0.0">
    <ignored/>
  </testcase> <!-- MobileHomeLoan -->
</testsuite> <!-- Home Loan -->
