<?xml version="1.0" encoding="UTF-8"?>
<testng-results ignored="0" total="1" passed="1" failed="0" skipped="0">
  <reporter-output>
  </reporter-output>
  <suite started-at="2023-07-17T19:24:21 IST" name="Default suite" finished-at="2023-07-17T19:24:21 IST" duration-ms="56">
    <groups>
    </groups>
    <test started-at="2023-07-17T19:24:21 IST" name="Default test" finished-at="2023-07-17T19:24:21 IST" duration-ms="56">
      <class name="oops_java_section17.PS1">
        <test-method is-config="true" signature="bt()[pri:0, instance:oops_java_section17.PS1@4b741d6d]" started-at="2023-07-17T19:24:21 IST" name="bt" finished-at="2023-07-17T19:24:21 IST" duration-ms="10" status="PASS">
          <reporter-output>
          </reporter-output>
        </test-method> <!-- bt -->
        <test-method signature="testRun()[pri:0, instance:oops_java_section17.PS1@4b741d6d]" started-at="2023-07-17T19:24:21 IST" name="testRun" finished-at="2023-07-17T19:24:21 IST" duration-ms="5" status="PASS">
          <reporter-output>
          </reporter-output>
        </test-method> <!-- testRun -->
        <test-method is-config="true" signature="at()[pri:0, instance:oops_java_section17.PS1@4b741d6d]" started-at="2023-07-17T19:24:21 IST" name="at" finished-at="2023-07-17T19:24:21 IST" duration-ms="0" status="PASS">
          <reporter-output>
          </reporter-output>
        </test-method> <!-- at -->
      </class> <!-- oops_java_section17.PS1 -->
    </test> <!-- Default test -->
  </suite> <!-- Default suite -->
</testng-results>
